ERROR - 2023-07-15 02:49:41 --> Error connecting to the database: mysqli_sql_exception: Access denied for user ''@'localhost' (using password: NO) in D:\xampp\htdocs\ci4\system\Database\MySQLi\Connection.php:174
Stack trace:
#0 D:\xampp\htdocs\ci4\system\Database\MySQLi\Connection.php(174): mysqli->real_connect('localhost', '', '', '', 3306, '', 0)
#1 D:\xampp\htdocs\ci4\system\Database\BaseConnection.php(391): CodeIgniter\Database\MySQLi\Connection->connect(false)
#2 D:\xampp\htdocs\ci4\system\Database\BaseConnection.php(574): CodeIgniter\Database\BaseConnection->initialize()
#3 D:\xampp\htdocs\ci4\app\Controllers\Home.php(88): CodeIgniter\Database\BaseConnection->query('SELECT * FROM d...')
#4 D:\xampp\htdocs\ci4\system\CodeIgniter.php(934): App\Controllers\Home->testbd()
#5 D:\xampp\htdocs\ci4\system\CodeIgniter.php(499): CodeIgniter\CodeIgniter->runController(Object(App\Controllers\Home))
#6 D:\xampp\htdocs\ci4\system\CodeIgniter.php(368): CodeIgniter\CodeIgniter->handleRequest(NULL, Object(Config\Cache), false)
#7 D:\xampp\htdocs\ci4\index.php(67): CodeIgniter\CodeIgniter->run()
#8 {main}

Next CodeIgniter\Database\Exceptions\DatabaseException: Access denied for user ''@'localhost' (using password: NO) in D:\xampp\htdocs\ci4\system\Database\MySQLi\Connection.php:218
Stack trace:
#0 D:\xampp\htdocs\ci4\system\Database\BaseConnection.php(391): CodeIgniter\Database\MySQLi\Connection->connect(false)
#1 D:\xampp\htdocs\ci4\system\Database\BaseConnection.php(574): CodeIgniter\Database\BaseConnection->initialize()
#2 D:\xampp\htdocs\ci4\app\Controllers\Home.php(88): CodeIgniter\Database\BaseConnection->query('SELECT * FROM d...')
#3 D:\xampp\htdocs\ci4\system\CodeIgniter.php(934): App\Controllers\Home->testbd()
#4 D:\xampp\htdocs\ci4\system\CodeIgniter.php(499): CodeIgniter\CodeIgniter->runController(Object(App\Controllers\Home))
#5 D:\xampp\htdocs\ci4\system\CodeIgniter.php(368): CodeIgniter\CodeIgniter->handleRequest(NULL, Object(Config\Cache), false)
#6 D:\xampp\htdocs\ci4\index.php(67): CodeIgniter\CodeIgniter->run()
#7 {main}
CRITICAL - 2023-07-15 02:49:41 --> Unable to connect to the database.
Main connection [MySQLi]: Access denied for user ''@'localhost' (using password: NO)
in SYSTEMPATH\Database\BaseConnection.php on line 427.
 1 SYSTEMPATH\Database\BaseConnection.php(574): CodeIgniter\Database\BaseConnection->initialize()
 2 APPPATH\Controllers\Home.php(88): CodeIgniter\Database\BaseConnection->query('SELECT * FROM db_sql.Clientes')
 3 SYSTEMPATH\CodeIgniter.php(934): App\Controllers\Home->testbd()
 4 SYSTEMPATH\CodeIgniter.php(499): CodeIgniter\CodeIgniter->runController(Object(App\Controllers\Home))
 5 SYSTEMPATH\CodeIgniter.php(368): CodeIgniter\CodeIgniter->handleRequest(null, Object(Config\Cache), false)
 6 FCPATH\index.php(67): CodeIgniter\CodeIgniter->run()
CRITICAL - 2023-07-15 02:51:14 --> Too few arguments to function App\Controllers\Home::testbd(), 0 passed in D:\xampp\htdocs\ci4\system\CodeIgniter.php on line 934 and exactly 1 expected
in APPPATH\Controllers\Home.php on line 84.
 1 SYSTEMPATH\CodeIgniter.php(934): App\Controllers\Home->testbd()
 2 SYSTEMPATH\CodeIgniter.php(499): CodeIgniter\CodeIgniter->runController(Object(App\Controllers\Home))
 3 SYSTEMPATH\CodeIgniter.php(368): CodeIgniter\CodeIgniter->handleRequest(null, Object(Config\Cache), false)
 4 FCPATH\index.php(67): CodeIgniter\CodeIgniter->run()
CRITICAL - 2023-07-15 02:51:18 --> Too few arguments to function App\Controllers\Home::testbd(), 0 passed in D:\xampp\htdocs\ci4\system\CodeIgniter.php on line 934 and exactly 1 expected
in APPPATH\Controllers\Home.php on line 84.
 1 SYSTEMPATH\CodeIgniter.php(934): App\Controllers\Home->testbd()
 2 SYSTEMPATH\CodeIgniter.php(499): CodeIgniter\CodeIgniter->runController(Object(App\Controllers\Home))
 3 SYSTEMPATH\CodeIgniter.php(368): CodeIgniter\CodeIgniter->handleRequest(null, Object(Config\Cache), false)
 4 FCPATH\index.php(67): CodeIgniter\CodeIgniter->run()
CRITICAL - 2023-07-15 02:53:03 --> Too few arguments to function App\Controllers\Home::testbd(), 0 passed in D:\xampp\htdocs\ci4\system\CodeIgniter.php on line 934 and exactly 1 expected
in APPPATH\Controllers\Home.php on line 84.
 1 SYSTEMPATH\CodeIgniter.php(934): App\Controllers\Home->testbd()
 2 SYSTEMPATH\CodeIgniter.php(499): CodeIgniter\CodeIgniter->runController(Object(App\Controllers\Home))
 3 SYSTEMPATH\CodeIgniter.php(368): CodeIgniter\CodeIgniter->handleRequest(null, Object(Config\Cache), false)
 4 FCPATH\index.php(67): CodeIgniter\CodeIgniter->run()
CRITICAL - 2023-07-15 02:53:04 --> Too few arguments to function App\Controllers\Home::testbd(), 0 passed in D:\xampp\htdocs\ci4\system\CodeIgniter.php on line 934 and exactly 1 expected
in APPPATH\Controllers\Home.php on line 84.
 1 SYSTEMPATH\CodeIgniter.php(934): App\Controllers\Home->testbd()
 2 SYSTEMPATH\CodeIgniter.php(499): CodeIgniter\CodeIgniter->runController(Object(App\Controllers\Home))
 3 SYSTEMPATH\CodeIgniter.php(368): CodeIgniter\CodeIgniter->handleRequest(null, Object(Config\Cache), false)
 4 FCPATH\index.php(67): CodeIgniter\CodeIgniter->run()
CRITICAL - 2023-07-15 02:55:24 --> Class "CodeIgniter\Database\Postgres\Connection" not found
in SYSTEMPATH\Database\Database.php on line 139.
 1 SYSTEMPATH\Database\Database.php(56): CodeIgniter\Database\Database->initDriver('Postgres', 'CodeIgniter\\Database\\Postgres\\Connection', [...])
 2 SYSTEMPATH\Database\Config.php(82): CodeIgniter\Database\Database->load([...], 'default')
 3 APPPATH\Controllers\Home.php(87): CodeIgniter\Database\Config::connect()
 4 SYSTEMPATH\CodeIgniter.php(934): App\Controllers\Home->testbd()
 5 SYSTEMPATH\CodeIgniter.php(499): CodeIgniter\CodeIgniter->runController(Object(App\Controllers\Home))
 6 SYSTEMPATH\CodeIgniter.php(368): CodeIgniter\CodeIgniter->handleRequest(null, Object(Config\Cache), false)
 7 FCPATH\index.php(67): CodeIgniter\CodeIgniter->run()
ERROR - 2023-07-15 02:57:58 --> ErrorException: pg_query(): Query failed: ERROR:  no existe la relación «db_sga.clientes»
LINE 1: SELECT FROM db_sga.Clientes
                    ^ in D:\xampp\htdocs\ci4\system\Database\Postgre\Connection.php:152
Stack trace:
#0 [internal function]: CodeIgniter\Debug\Exceptions->errorHandler(2, 'pg_query(): Que...', 'D:\\xampp\\htdocs...', 152)
#1 D:\xampp\htdocs\ci4\system\Database\Postgre\Connection.php(152): pg_query(Resource id #135, 'SELECT FROM db_...')
#2 D:\xampp\htdocs\ci4\system\Database\BaseConnection.php(692): CodeIgniter\Database\Postgre\Connection->execute('SELECT FROM db_...')
#3 D:\xampp\htdocs\ci4\system\Database\BaseConnection.php(606): CodeIgniter\Database\BaseConnection->simpleQuery('SELECT FROM db_...')
#4 D:\xampp\htdocs\ci4\app\Controllers\Home.php(88): CodeIgniter\Database\BaseConnection->query('SELECT FROM db_...')
#5 D:\xampp\htdocs\ci4\system\CodeIgniter.php(934): App\Controllers\Home->testbd()
#6 D:\xampp\htdocs\ci4\system\CodeIgniter.php(499): CodeIgniter\CodeIgniter->runController(Object(App\Controllers\Home))
#7 D:\xampp\htdocs\ci4\system\CodeIgniter.php(368): CodeIgniter\CodeIgniter->handleRequest(NULL, Object(Config\Cache), false)
#8 D:\xampp\htdocs\ci4\index.php(67): CodeIgniter\CodeIgniter->run()
#9 {main}
CRITICAL - 2023-07-15 02:57:58 --> pg_query(): Query failed: ERROR:  no existe la relación «db_sga.clientes»
LINE 1: SELECT FROM db_sga.Clientes
                    ^
in SYSTEMPATH\Database\Postgre\Connection.php on line 152.
 1 [internal function]: CodeIgniter\Debug\Exceptions->errorHandler(2, 'pg_query(): Query failed: ERROR:  no existe la relación «db_sga.clientes»
LINE 1: SELECT FROM db_sga.Clientes
                    ^', 'D:\\xampp\\htdocs\\ci4\\system\\Database\\Postgre\\Connection.php', 152)
 2 SYSTEMPATH\Database\Postgre\Connection.php(152): pg_query(resource (pgsql link), 'SELECT FROM db_sga.Clientes')
 3 SYSTEMPATH\Database\BaseConnection.php(692): CodeIgniter\Database\Postgre\Connection->execute('SELECT FROM db_sga.Clientes')
 4 SYSTEMPATH\Database\BaseConnection.php(606): CodeIgniter\Database\BaseConnection->simpleQuery('SELECT FROM db_sga.Clientes')
 5 APPPATH\Controllers\Home.php(88): CodeIgniter\Database\BaseConnection->query('SELECT FROM db_sga.Clientes')
 6 SYSTEMPATH\CodeIgniter.php(934): App\Controllers\Home->testbd()
 7 SYSTEMPATH\CodeIgniter.php(499): CodeIgniter\CodeIgniter->runController(Object(App\Controllers\Home))
 8 SYSTEMPATH\CodeIgniter.php(368): CodeIgniter\CodeIgniter->handleRequest(null, Object(Config\Cache), false)
 9 FCPATH\index.php(67): CodeIgniter\CodeIgniter->run()
ERROR - 2023-07-15 02:58:51 --> ErrorException: pg_query(): Query failed: ERROR:  no existe la relación «db_sga.clientes»
LINE 1: SELECT *FROM db_sga.Clientes
                     ^ in D:\xampp\htdocs\ci4\system\Database\Postgre\Connection.php:152
Stack trace:
#0 [internal function]: CodeIgniter\Debug\Exceptions->errorHandler(2, 'pg_query(): Que...', 'D:\\xampp\\htdocs...', 152)
#1 D:\xampp\htdocs\ci4\system\Database\Postgre\Connection.php(152): pg_query(Resource id #135, 'SELECT *FROM db...')
#2 D:\xampp\htdocs\ci4\system\Database\BaseConnection.php(692): CodeIgniter\Database\Postgre\Connection->execute('SELECT *FROM db...')
#3 D:\xampp\htdocs\ci4\system\Database\BaseConnection.php(606): CodeIgniter\Database\BaseConnection->simpleQuery('SELECT *FROM db...')
#4 D:\xampp\htdocs\ci4\app\Controllers\Home.php(88): CodeIgniter\Database\BaseConnection->query('SELECT *FROM db...')
#5 D:\xampp\htdocs\ci4\system\CodeIgniter.php(934): App\Controllers\Home->testbd()
#6 D:\xampp\htdocs\ci4\system\CodeIgniter.php(499): CodeIgniter\CodeIgniter->runController(Object(App\Controllers\Home))
#7 D:\xampp\htdocs\ci4\system\CodeIgniter.php(368): CodeIgniter\CodeIgniter->handleRequest(NULL, Object(Config\Cache), false)
#8 D:\xampp\htdocs\ci4\index.php(67): CodeIgniter\CodeIgniter->run()
#9 {main}
CRITICAL - 2023-07-15 02:58:51 --> pg_query(): Query failed: ERROR:  no existe la relación «db_sga.clientes»
LINE 1: SELECT *FROM db_sga.Clientes
                     ^
in SYSTEMPATH\Database\Postgre\Connection.php on line 152.
 1 [internal function]: CodeIgniter\Debug\Exceptions->errorHandler(2, 'pg_query(): Query failed: ERROR:  no existe la relación «db_sga.clientes»
LINE 1: SELECT *FROM db_sga.Clientes
                     ^', 'D:\\xampp\\htdocs\\ci4\\system\\Database\\Postgre\\Connection.php', 152)
 2 SYSTEMPATH\Database\Postgre\Connection.php(152): pg_query(resource (pgsql link), 'SELECT *FROM db_sga.Clientes')
 3 SYSTEMPATH\Database\BaseConnection.php(692): CodeIgniter\Database\Postgre\Connection->execute('SELECT *FROM db_sga.Clientes')
 4 SYSTEMPATH\Database\BaseConnection.php(606): CodeIgniter\Database\BaseConnection->simpleQuery('SELECT *FROM db_sga.Clientes')
 5 APPPATH\Controllers\Home.php(88): CodeIgniter\Database\BaseConnection->query('SELECT *FROM db_sga.Clientes')
 6 SYSTEMPATH\CodeIgniter.php(934): App\Controllers\Home->testbd()
 7 SYSTEMPATH\CodeIgniter.php(499): CodeIgniter\CodeIgniter->runController(Object(App\Controllers\Home))
 8 SYSTEMPATH\CodeIgniter.php(368): CodeIgniter\CodeIgniter->handleRequest(null, Object(Config\Cache), false)
 9 FCPATH\index.php(67): CodeIgniter\CodeIgniter->run()
ERROR - 2023-07-15 03:01:22 --> ErrorException: pg_query(): Query failed: ERROR:  no existe la relación «db_sga.clientes»
LINE 1: SELECT *FROM db_sga.Clientes
                     ^ in D:\xampp\htdocs\ci4\system\Database\Postgre\Connection.php:152
Stack trace:
#0 [internal function]: CodeIgniter\Debug\Exceptions->errorHandler(2, 'pg_query(): Que...', 'D:\\xampp\\htdocs...', 152)
#1 D:\xampp\htdocs\ci4\system\Database\Postgre\Connection.php(152): pg_query(Resource id #135, 'SELECT *FROM db...')
#2 D:\xampp\htdocs\ci4\system\Database\BaseConnection.php(692): CodeIgniter\Database\Postgre\Connection->execute('SELECT *FROM db...')
#3 D:\xampp\htdocs\ci4\system\Database\BaseConnection.php(606): CodeIgniter\Database\BaseConnection->simpleQuery('SELECT *FROM db...')
#4 D:\xampp\htdocs\ci4\app\Controllers\Home.php(88): CodeIgniter\Database\BaseConnection->query('SELECT *FROM db...')
#5 D:\xampp\htdocs\ci4\system\CodeIgniter.php(934): App\Controllers\Home->testbd()
#6 D:\xampp\htdocs\ci4\system\CodeIgniter.php(499): CodeIgniter\CodeIgniter->runController(Object(App\Controllers\Home))
#7 D:\xampp\htdocs\ci4\system\CodeIgniter.php(368): CodeIgniter\CodeIgniter->handleRequest(NULL, Object(Config\Cache), false)
#8 D:\xampp\htdocs\ci4\index.php(67): CodeIgniter\CodeIgniter->run()
#9 {main}
CRITICAL - 2023-07-15 03:01:22 --> pg_query(): Query failed: ERROR:  no existe la relación «db_sga.clientes»
LINE 1: SELECT *FROM db_sga.Clientes
                     ^
in SYSTEMPATH\Database\Postgre\Connection.php on line 152.
 1 [internal function]: CodeIgniter\Debug\Exceptions->errorHandler(2, 'pg_query(): Query failed: ERROR:  no existe la relación «db_sga.clientes»
LINE 1: SELECT *FROM db_sga.Clientes
                     ^', 'D:\\xampp\\htdocs\\ci4\\system\\Database\\Postgre\\Connection.php', 152)
 2 SYSTEMPATH\Database\Postgre\Connection.php(152): pg_query(resource (pgsql link), 'SELECT *FROM db_sga.Clientes')
 3 SYSTEMPATH\Database\BaseConnection.php(692): CodeIgniter\Database\Postgre\Connection->execute('SELECT *FROM db_sga.Clientes')
 4 SYSTEMPATH\Database\BaseConnection.php(606): CodeIgniter\Database\BaseConnection->simpleQuery('SELECT *FROM db_sga.Clientes')
 5 APPPATH\Controllers\Home.php(88): CodeIgniter\Database\BaseConnection->query('SELECT *FROM db_sga.Clientes')
 6 SYSTEMPATH\CodeIgniter.php(934): App\Controllers\Home->testbd()
 7 SYSTEMPATH\CodeIgniter.php(499): CodeIgniter\CodeIgniter->runController(Object(App\Controllers\Home))
 8 SYSTEMPATH\CodeIgniter.php(368): CodeIgniter\CodeIgniter->handleRequest(null, Object(Config\Cache), false)
 9 FCPATH\index.php(67): CodeIgniter\CodeIgniter->run()
ERROR - 2023-07-15 03:01:23 --> ErrorException: pg_query(): Query failed: ERROR:  no existe la relación «db_sga.clientes»
LINE 1: SELECT *FROM db_sga.Clientes
                     ^ in D:\xampp\htdocs\ci4\system\Database\Postgre\Connection.php:152
Stack trace:
#0 [internal function]: CodeIgniter\Debug\Exceptions->errorHandler(2, 'pg_query(): Que...', 'D:\\xampp\\htdocs...', 152)
#1 D:\xampp\htdocs\ci4\system\Database\Postgre\Connection.php(152): pg_query(Resource id #135, 'SELECT *FROM db...')
#2 D:\xampp\htdocs\ci4\system\Database\BaseConnection.php(692): CodeIgniter\Database\Postgre\Connection->execute('SELECT *FROM db...')
#3 D:\xampp\htdocs\ci4\system\Database\BaseConnection.php(606): CodeIgniter\Database\BaseConnection->simpleQuery('SELECT *FROM db...')
#4 D:\xampp\htdocs\ci4\app\Controllers\Home.php(88): CodeIgniter\Database\BaseConnection->query('SELECT *FROM db...')
#5 D:\xampp\htdocs\ci4\system\CodeIgniter.php(934): App\Controllers\Home->testbd()
#6 D:\xampp\htdocs\ci4\system\CodeIgniter.php(499): CodeIgniter\CodeIgniter->runController(Object(App\Controllers\Home))
#7 D:\xampp\htdocs\ci4\system\CodeIgniter.php(368): CodeIgniter\CodeIgniter->handleRequest(NULL, Object(Config\Cache), false)
#8 D:\xampp\htdocs\ci4\index.php(67): CodeIgniter\CodeIgniter->run()
#9 {main}
CRITICAL - 2023-07-15 03:01:23 --> pg_query(): Query failed: ERROR:  no existe la relación «db_sga.clientes»
LINE 1: SELECT *FROM db_sga.Clientes
                     ^
in SYSTEMPATH\Database\Postgre\Connection.php on line 152.
 1 [internal function]: CodeIgniter\Debug\Exceptions->errorHandler(2, 'pg_query(): Query failed: ERROR:  no existe la relación «db_sga.clientes»
LINE 1: SELECT *FROM db_sga.Clientes
                     ^', 'D:\\xampp\\htdocs\\ci4\\system\\Database\\Postgre\\Connection.php', 152)
 2 SYSTEMPATH\Database\Postgre\Connection.php(152): pg_query(resource (pgsql link), 'SELECT *FROM db_sga.Clientes')
 3 SYSTEMPATH\Database\BaseConnection.php(692): CodeIgniter\Database\Postgre\Connection->execute('SELECT *FROM db_sga.Clientes')
 4 SYSTEMPATH\Database\BaseConnection.php(606): CodeIgniter\Database\BaseConnection->simpleQuery('SELECT *FROM db_sga.Clientes')
 5 APPPATH\Controllers\Home.php(88): CodeIgniter\Database\BaseConnection->query('SELECT *FROM db_sga.Clientes')
 6 SYSTEMPATH\CodeIgniter.php(934): App\Controllers\Home->testbd()
 7 SYSTEMPATH\CodeIgniter.php(499): CodeIgniter\CodeIgniter->runController(Object(App\Controllers\Home))
 8 SYSTEMPATH\CodeIgniter.php(368): CodeIgniter\CodeIgniter->handleRequest(null, Object(Config\Cache), false)
 9 FCPATH\index.php(67): CodeIgniter\CodeIgniter->run()
ERROR - 2023-07-15 03:01:24 --> ErrorException: pg_query(): Query failed: ERROR:  no existe la relación «db_sga.clientes»
LINE 1: SELECT *FROM db_sga.Clientes
                     ^ in D:\xampp\htdocs\ci4\system\Database\Postgre\Connection.php:152
Stack trace:
#0 [internal function]: CodeIgniter\Debug\Exceptions->errorHandler(2, 'pg_query(): Que...', 'D:\\xampp\\htdocs...', 152)
#1 D:\xampp\htdocs\ci4\system\Database\Postgre\Connection.php(152): pg_query(Resource id #135, 'SELECT *FROM db...')
#2 D:\xampp\htdocs\ci4\system\Database\BaseConnection.php(692): CodeIgniter\Database\Postgre\Connection->execute('SELECT *FROM db...')
#3 D:\xampp\htdocs\ci4\system\Database\BaseConnection.php(606): CodeIgniter\Database\BaseConnection->simpleQuery('SELECT *FROM db...')
#4 D:\xampp\htdocs\ci4\app\Controllers\Home.php(88): CodeIgniter\Database\BaseConnection->query('SELECT *FROM db...')
#5 D:\xampp\htdocs\ci4\system\CodeIgniter.php(934): App\Controllers\Home->testbd()
#6 D:\xampp\htdocs\ci4\system\CodeIgniter.php(499): CodeIgniter\CodeIgniter->runController(Object(App\Controllers\Home))
#7 D:\xampp\htdocs\ci4\system\CodeIgniter.php(368): CodeIgniter\CodeIgniter->handleRequest(NULL, Object(Config\Cache), false)
#8 D:\xampp\htdocs\ci4\index.php(67): CodeIgniter\CodeIgniter->run()
#9 {main}
CRITICAL - 2023-07-15 03:01:24 --> pg_query(): Query failed: ERROR:  no existe la relación «db_sga.clientes»
LINE 1: SELECT *FROM db_sga.Clientes
                     ^
in SYSTEMPATH\Database\Postgre\Connection.php on line 152.
 1 [internal function]: CodeIgniter\Debug\Exceptions->errorHandler(2, 'pg_query(): Query failed: ERROR:  no existe la relación «db_sga.clientes»
LINE 1: SELECT *FROM db_sga.Clientes
                     ^', 'D:\\xampp\\htdocs\\ci4\\system\\Database\\Postgre\\Connection.php', 152)
 2 SYSTEMPATH\Database\Postgre\Connection.php(152): pg_query(resource (pgsql link), 'SELECT *FROM db_sga.Clientes')
 3 SYSTEMPATH\Database\BaseConnection.php(692): CodeIgniter\Database\Postgre\Connection->execute('SELECT *FROM db_sga.Clientes')
 4 SYSTEMPATH\Database\BaseConnection.php(606): CodeIgniter\Database\BaseConnection->simpleQuery('SELECT *FROM db_sga.Clientes')
 5 APPPATH\Controllers\Home.php(88): CodeIgniter\Database\BaseConnection->query('SELECT *FROM db_sga.Clientes')
 6 SYSTEMPATH\CodeIgniter.php(934): App\Controllers\Home->testbd()
 7 SYSTEMPATH\CodeIgniter.php(499): CodeIgniter\CodeIgniter->runController(Object(App\Controllers\Home))
 8 SYSTEMPATH\CodeIgniter.php(368): CodeIgniter\CodeIgniter->handleRequest(null, Object(Config\Cache), false)
 9 FCPATH\index.php(67): CodeIgniter\CodeIgniter->run()
ERROR - 2023-07-15 03:01:41 --> ErrorException: pg_query(): Query failed: ERROR:  no existe la relación «clientes»
LINE 1: SELECT *FROM Clientes
                     ^ in D:\xampp\htdocs\ci4\system\Database\Postgre\Connection.php:152
Stack trace:
#0 [internal function]: CodeIgniter\Debug\Exceptions->errorHandler(2, 'pg_query(): Que...', 'D:\\xampp\\htdocs...', 152)
#1 D:\xampp\htdocs\ci4\system\Database\Postgre\Connection.php(152): pg_query(Resource id #135, 'SELECT *FROM Cl...')
#2 D:\xampp\htdocs\ci4\system\Database\BaseConnection.php(692): CodeIgniter\Database\Postgre\Connection->execute('SELECT *FROM Cl...')
#3 D:\xampp\htdocs\ci4\system\Database\BaseConnection.php(606): CodeIgniter\Database\BaseConnection->simpleQuery('SELECT *FROM Cl...')
#4 D:\xampp\htdocs\ci4\app\Controllers\Home.php(88): CodeIgniter\Database\BaseConnection->query('SELECT *FROM Cl...')
#5 D:\xampp\htdocs\ci4\system\CodeIgniter.php(934): App\Controllers\Home->testbd()
#6 D:\xampp\htdocs\ci4\system\CodeIgniter.php(499): CodeIgniter\CodeIgniter->runController(Object(App\Controllers\Home))
#7 D:\xampp\htdocs\ci4\system\CodeIgniter.php(368): CodeIgniter\CodeIgniter->handleRequest(NULL, Object(Config\Cache), false)
#8 D:\xampp\htdocs\ci4\index.php(67): CodeIgniter\CodeIgniter->run()
#9 {main}
CRITICAL - 2023-07-15 03:01:41 --> pg_query(): Query failed: ERROR:  no existe la relación «clientes»
LINE 1: SELECT *FROM Clientes
                     ^
in SYSTEMPATH\Database\Postgre\Connection.php on line 152.
 1 [internal function]: CodeIgniter\Debug\Exceptions->errorHandler(2, 'pg_query(): Query failed: ERROR:  no existe la relación «clientes»
LINE 1: SELECT *FROM Clientes
                     ^', 'D:\\xampp\\htdocs\\ci4\\system\\Database\\Postgre\\Connection.php', 152)
 2 SYSTEMPATH\Database\Postgre\Connection.php(152): pg_query(resource (pgsql link), 'SELECT *FROM Clientes')
 3 SYSTEMPATH\Database\BaseConnection.php(692): CodeIgniter\Database\Postgre\Connection->execute('SELECT *FROM Clientes')
 4 SYSTEMPATH\Database\BaseConnection.php(606): CodeIgniter\Database\BaseConnection->simpleQuery('SELECT *FROM Clientes')
 5 APPPATH\Controllers\Home.php(88): CodeIgniter\Database\BaseConnection->query('SELECT *FROM Clientes')
 6 SYSTEMPATH\CodeIgniter.php(934): App\Controllers\Home->testbd()
 7 SYSTEMPATH\CodeIgniter.php(499): CodeIgniter\CodeIgniter->runController(Object(App\Controllers\Home))
 8 SYSTEMPATH\CodeIgniter.php(368): CodeIgniter\CodeIgniter->handleRequest(null, Object(Config\Cache), false)
 9 FCPATH\index.php(67): CodeIgniter\CodeIgniter->run()
ERROR - 2023-07-15 03:01:43 --> ErrorException: pg_query(): Query failed: ERROR:  no existe la relación «clientes»
LINE 1: SELECT *FROM Clientes
                     ^ in D:\xampp\htdocs\ci4\system\Database\Postgre\Connection.php:152
Stack trace:
#0 [internal function]: CodeIgniter\Debug\Exceptions->errorHandler(2, 'pg_query(): Que...', 'D:\\xampp\\htdocs...', 152)
#1 D:\xampp\htdocs\ci4\system\Database\Postgre\Connection.php(152): pg_query(Resource id #135, 'SELECT *FROM Cl...')
#2 D:\xampp\htdocs\ci4\system\Database\BaseConnection.php(692): CodeIgniter\Database\Postgre\Connection->execute('SELECT *FROM Cl...')
#3 D:\xampp\htdocs\ci4\system\Database\BaseConnection.php(606): CodeIgniter\Database\BaseConnection->simpleQuery('SELECT *FROM Cl...')
#4 D:\xampp\htdocs\ci4\app\Controllers\Home.php(88): CodeIgniter\Database\BaseConnection->query('SELECT *FROM Cl...')
#5 D:\xampp\htdocs\ci4\system\CodeIgniter.php(934): App\Controllers\Home->testbd()
#6 D:\xampp\htdocs\ci4\system\CodeIgniter.php(499): CodeIgniter\CodeIgniter->runController(Object(App\Controllers\Home))
#7 D:\xampp\htdocs\ci4\system\CodeIgniter.php(368): CodeIgniter\CodeIgniter->handleRequest(NULL, Object(Config\Cache), false)
#8 D:\xampp\htdocs\ci4\index.php(67): CodeIgniter\CodeIgniter->run()
#9 {main}
CRITICAL - 2023-07-15 03:01:43 --> pg_query(): Query failed: ERROR:  no existe la relación «clientes»
LINE 1: SELECT *FROM Clientes
                     ^
in SYSTEMPATH\Database\Postgre\Connection.php on line 152.
 1 [internal function]: CodeIgniter\Debug\Exceptions->errorHandler(2, 'pg_query(): Query failed: ERROR:  no existe la relación «clientes»
LINE 1: SELECT *FROM Clientes
                     ^', 'D:\\xampp\\htdocs\\ci4\\system\\Database\\Postgre\\Connection.php', 152)
 2 SYSTEMPATH\Database\Postgre\Connection.php(152): pg_query(resource (pgsql link), 'SELECT *FROM Clientes')
 3 SYSTEMPATH\Database\BaseConnection.php(692): CodeIgniter\Database\Postgre\Connection->execute('SELECT *FROM Clientes')
 4 SYSTEMPATH\Database\BaseConnection.php(606): CodeIgniter\Database\BaseConnection->simpleQuery('SELECT *FROM Clientes')
 5 APPPATH\Controllers\Home.php(88): CodeIgniter\Database\BaseConnection->query('SELECT *FROM Clientes')
 6 SYSTEMPATH\CodeIgniter.php(934): App\Controllers\Home->testbd()
 7 SYSTEMPATH\CodeIgniter.php(499): CodeIgniter\CodeIgniter->runController(Object(App\Controllers\Home))
 8 SYSTEMPATH\CodeIgniter.php(368): CodeIgniter\CodeIgniter->handleRequest(null, Object(Config\Cache), false)
 9 FCPATH\index.php(67): CodeIgniter\CodeIgniter->run()
ERROR - 2023-07-15 03:01:43 --> ErrorException: pg_query(): Query failed: ERROR:  no existe la relación «clientes»
LINE 1: SELECT *FROM Clientes
                     ^ in D:\xampp\htdocs\ci4\system\Database\Postgre\Connection.php:152
Stack trace:
#0 [internal function]: CodeIgniter\Debug\Exceptions->errorHandler(2, 'pg_query(): Que...', 'D:\\xampp\\htdocs...', 152)
#1 D:\xampp\htdocs\ci4\system\Database\Postgre\Connection.php(152): pg_query(Resource id #135, 'SELECT *FROM Cl...')
#2 D:\xampp\htdocs\ci4\system\Database\BaseConnection.php(692): CodeIgniter\Database\Postgre\Connection->execute('SELECT *FROM Cl...')
#3 D:\xampp\htdocs\ci4\system\Database\BaseConnection.php(606): CodeIgniter\Database\BaseConnection->simpleQuery('SELECT *FROM Cl...')
#4 D:\xampp\htdocs\ci4\app\Controllers\Home.php(88): CodeIgniter\Database\BaseConnection->query('SELECT *FROM Cl...')
#5 D:\xampp\htdocs\ci4\system\CodeIgniter.php(934): App\Controllers\Home->testbd()
#6 D:\xampp\htdocs\ci4\system\CodeIgniter.php(499): CodeIgniter\CodeIgniter->runController(Object(App\Controllers\Home))
#7 D:\xampp\htdocs\ci4\system\CodeIgniter.php(368): CodeIgniter\CodeIgniter->handleRequest(NULL, Object(Config\Cache), false)
#8 D:\xampp\htdocs\ci4\index.php(67): CodeIgniter\CodeIgniter->run()
#9 {main}
CRITICAL - 2023-07-15 03:01:43 --> pg_query(): Query failed: ERROR:  no existe la relación «clientes»
LINE 1: SELECT *FROM Clientes
                     ^
in SYSTEMPATH\Database\Postgre\Connection.php on line 152.
 1 [internal function]: CodeIgniter\Debug\Exceptions->errorHandler(2, 'pg_query(): Query failed: ERROR:  no existe la relación «clientes»
LINE 1: SELECT *FROM Clientes
                     ^', 'D:\\xampp\\htdocs\\ci4\\system\\Database\\Postgre\\Connection.php', 152)
 2 SYSTEMPATH\Database\Postgre\Connection.php(152): pg_query(resource (pgsql link), 'SELECT *FROM Clientes')
 3 SYSTEMPATH\Database\BaseConnection.php(692): CodeIgniter\Database\Postgre\Connection->execute('SELECT *FROM Clientes')
 4 SYSTEMPATH\Database\BaseConnection.php(606): CodeIgniter\Database\BaseConnection->simpleQuery('SELECT *FROM Clientes')
 5 APPPATH\Controllers\Home.php(88): CodeIgniter\Database\BaseConnection->query('SELECT *FROM Clientes')
 6 SYSTEMPATH\CodeIgniter.php(934): App\Controllers\Home->testbd()
 7 SYSTEMPATH\CodeIgniter.php(499): CodeIgniter\CodeIgniter->runController(Object(App\Controllers\Home))
 8 SYSTEMPATH\CodeIgniter.php(368): CodeIgniter\CodeIgniter->handleRequest(null, Object(Config\Cache), false)
 9 FCPATH\index.php(67): CodeIgniter\CodeIgniter->run()
ERROR - 2023-07-15 03:06:43 --> ErrorException: pg_query(): Query failed: ERROR:  no existe la relación «clientes»
LINE 1: SELECT *FROM Clientes
                     ^ in D:\xampp\htdocs\ci4\system\Database\Postgre\Connection.php:152
Stack trace:
#0 [internal function]: CodeIgniter\Debug\Exceptions->errorHandler(2, 'pg_query(): Que...', 'D:\\xampp\\htdocs...', 152)
#1 D:\xampp\htdocs\ci4\system\Database\Postgre\Connection.php(152): pg_query(Resource id #135, 'SELECT *FROM Cl...')
#2 D:\xampp\htdocs\ci4\system\Database\BaseConnection.php(692): CodeIgniter\Database\Postgre\Connection->execute('SELECT *FROM Cl...')
#3 D:\xampp\htdocs\ci4\system\Database\BaseConnection.php(606): CodeIgniter\Database\BaseConnection->simpleQuery('SELECT *FROM Cl...')
#4 D:\xampp\htdocs\ci4\app\Controllers\Home.php(88): CodeIgniter\Database\BaseConnection->query('SELECT *FROM Cl...')
#5 D:\xampp\htdocs\ci4\system\CodeIgniter.php(934): App\Controllers\Home->testbd()
#6 D:\xampp\htdocs\ci4\system\CodeIgniter.php(499): CodeIgniter\CodeIgniter->runController(Object(App\Controllers\Home))
#7 D:\xampp\htdocs\ci4\system\CodeIgniter.php(368): CodeIgniter\CodeIgniter->handleRequest(NULL, Object(Config\Cache), false)
#8 D:\xampp\htdocs\ci4\index.php(67): CodeIgniter\CodeIgniter->run()
#9 {main}
CRITICAL - 2023-07-15 03:06:43 --> pg_query(): Query failed: ERROR:  no existe la relación «clientes»
LINE 1: SELECT *FROM Clientes
                     ^
in SYSTEMPATH\Database\Postgre\Connection.php on line 152.
 1 [internal function]: CodeIgniter\Debug\Exceptions->errorHandler(2, 'pg_query(): Query failed: ERROR:  no existe la relación «clientes»
LINE 1: SELECT *FROM Clientes
                     ^', 'D:\\xampp\\htdocs\\ci4\\system\\Database\\Postgre\\Connection.php', 152)
 2 SYSTEMPATH\Database\Postgre\Connection.php(152): pg_query(resource (pgsql link), 'SELECT *FROM Clientes')
 3 SYSTEMPATH\Database\BaseConnection.php(692): CodeIgniter\Database\Postgre\Connection->execute('SELECT *FROM Clientes')
 4 SYSTEMPATH\Database\BaseConnection.php(606): CodeIgniter\Database\BaseConnection->simpleQuery('SELECT *FROM Clientes')
 5 APPPATH\Controllers\Home.php(88): CodeIgniter\Database\BaseConnection->query('SELECT *FROM Clientes')
 6 SYSTEMPATH\CodeIgniter.php(934): App\Controllers\Home->testbd()
 7 SYSTEMPATH\CodeIgniter.php(499): CodeIgniter\CodeIgniter->runController(Object(App\Controllers\Home))
 8 SYSTEMPATH\CodeIgniter.php(368): CodeIgniter\CodeIgniter->handleRequest(null, Object(Config\Cache), false)
 9 FCPATH\index.php(67): CodeIgniter\CodeIgniter->run()
ERROR - 2023-07-15 03:25:26 --> ErrorException: pg_query(): Query failed: ERROR:  no existe la relación «cliente»
LINE 1: SELECT * FROM cliente
                      ^ in D:\xampp\htdocs\ci4\system\Database\Postgre\Connection.php:152
Stack trace:
#0 [internal function]: CodeIgniter\Debug\Exceptions->errorHandler(2, 'pg_query(): Que...', 'D:\\xampp\\htdocs...', 152)
#1 D:\xampp\htdocs\ci4\system\Database\Postgre\Connection.php(152): pg_query(Resource id #135, 'SELECT * FROM c...')
#2 D:\xampp\htdocs\ci4\system\Database\BaseConnection.php(692): CodeIgniter\Database\Postgre\Connection->execute('SELECT * FROM c...')
#3 D:\xampp\htdocs\ci4\system\Database\BaseConnection.php(606): CodeIgniter\Database\BaseConnection->simpleQuery('SELECT * FROM c...')
#4 D:\xampp\htdocs\ci4\app\Controllers\Home.php(88): CodeIgniter\Database\BaseConnection->query('SELECT * FROM c...')
#5 D:\xampp\htdocs\ci4\system\CodeIgniter.php(934): App\Controllers\Home->testbd()
#6 D:\xampp\htdocs\ci4\system\CodeIgniter.php(499): CodeIgniter\CodeIgniter->runController(Object(App\Controllers\Home))
#7 D:\xampp\htdocs\ci4\system\CodeIgniter.php(368): CodeIgniter\CodeIgniter->handleRequest(NULL, Object(Config\Cache), false)
#8 D:\xampp\htdocs\ci4\index.php(67): CodeIgniter\CodeIgniter->run()
#9 {main}
CRITICAL - 2023-07-15 03:25:26 --> pg_query(): Query failed: ERROR:  no existe la relación «cliente»
LINE 1: SELECT * FROM cliente
                      ^
in SYSTEMPATH\Database\Postgre\Connection.php on line 152.
 1 [internal function]: CodeIgniter\Debug\Exceptions->errorHandler(2, 'pg_query(): Query failed: ERROR:  no existe la relación «cliente»
LINE 1: SELECT * FROM cliente
                      ^', 'D:\\xampp\\htdocs\\ci4\\system\\Database\\Postgre\\Connection.php', 152)
 2 SYSTEMPATH\Database\Postgre\Connection.php(152): pg_query(resource (pgsql link), 'SELECT * FROM cliente')
 3 SYSTEMPATH\Database\BaseConnection.php(692): CodeIgniter\Database\Postgre\Connection->execute('SELECT * FROM cliente')
 4 SYSTEMPATH\Database\BaseConnection.php(606): CodeIgniter\Database\BaseConnection->simpleQuery('SELECT * FROM cliente')
 5 APPPATH\Controllers\Home.php(88): CodeIgniter\Database\BaseConnection->query('SELECT * FROM cliente')
 6 SYSTEMPATH\CodeIgniter.php(934): App\Controllers\Home->testbd()
 7 SYSTEMPATH\CodeIgniter.php(499): CodeIgniter\CodeIgniter->runController(Object(App\Controllers\Home))
 8 SYSTEMPATH\CodeIgniter.php(368): CodeIgniter\CodeIgniter->handleRequest(null, Object(Config\Cache), false)
 9 FCPATH\index.php(67): CodeIgniter\CodeIgniter->run()
ERROR - 2023-07-15 03:26:00 --> ErrorException: pg_query(): Query failed: ERROR:  no existe la relación «cliente»
LINE 1: SELECT * FROM cliente;
                      ^ in D:\xampp\htdocs\ci4\system\Database\Postgre\Connection.php:152
Stack trace:
#0 [internal function]: CodeIgniter\Debug\Exceptions->errorHandler(2, 'pg_query(): Que...', 'D:\\xampp\\htdocs...', 152)
#1 D:\xampp\htdocs\ci4\system\Database\Postgre\Connection.php(152): pg_query(Resource id #135, 'SELECT * FROM c...')
#2 D:\xampp\htdocs\ci4\system\Database\BaseConnection.php(692): CodeIgniter\Database\Postgre\Connection->execute('SELECT * FROM c...')
#3 D:\xampp\htdocs\ci4\system\Database\BaseConnection.php(606): CodeIgniter\Database\BaseConnection->simpleQuery('SELECT * FROM c...')
#4 D:\xampp\htdocs\ci4\app\Controllers\Home.php(88): CodeIgniter\Database\BaseConnection->query('SELECT * FROM c...')
#5 D:\xampp\htdocs\ci4\system\CodeIgniter.php(934): App\Controllers\Home->testbd()
#6 D:\xampp\htdocs\ci4\system\CodeIgniter.php(499): CodeIgniter\CodeIgniter->runController(Object(App\Controllers\Home))
#7 D:\xampp\htdocs\ci4\system\CodeIgniter.php(368): CodeIgniter\CodeIgniter->handleRequest(NULL, Object(Config\Cache), false)
#8 D:\xampp\htdocs\ci4\index.php(67): CodeIgniter\CodeIgniter->run()
#9 {main}
CRITICAL - 2023-07-15 03:26:00 --> pg_query(): Query failed: ERROR:  no existe la relación «cliente»
LINE 1: SELECT * FROM cliente;
                      ^
in SYSTEMPATH\Database\Postgre\Connection.php on line 152.
 1 [internal function]: CodeIgniter\Debug\Exceptions->errorHandler(2, 'pg_query(): Query failed: ERROR:  no existe la relación «cliente»
LINE 1: SELECT * FROM cliente;
                      ^', 'D:\\xampp\\htdocs\\ci4\\system\\Database\\Postgre\\Connection.php', 152)
 2 SYSTEMPATH\Database\Postgre\Connection.php(152): pg_query(resource (pgsql link), 'SELECT * FROM cliente;')
 3 SYSTEMPATH\Database\BaseConnection.php(692): CodeIgniter\Database\Postgre\Connection->execute('SELECT * FROM cliente;')
 4 SYSTEMPATH\Database\BaseConnection.php(606): CodeIgniter\Database\BaseConnection->simpleQuery('SELECT * FROM cliente;')
 5 APPPATH\Controllers\Home.php(88): CodeIgniter\Database\BaseConnection->query('SELECT * FROM cliente;')
 6 SYSTEMPATH\CodeIgniter.php(934): App\Controllers\Home->testbd()
 7 SYSTEMPATH\CodeIgniter.php(499): CodeIgniter\CodeIgniter->runController(Object(App\Controllers\Home))
 8 SYSTEMPATH\CodeIgniter.php(368): CodeIgniter\CodeIgniter->handleRequest(null, Object(Config\Cache), false)
 9 FCPATH\index.php(67): CodeIgniter\CodeIgniter->run()
ERROR - 2023-07-15 03:46:52 --> ErrorException: pg_query(): Query failed: ERROR:  no existe la relación «cliente_local»
LINE 1: SELECT * FROM cliente_local;
                      ^ in D:\xampp\htdocs\ci4\system\Database\Postgre\Connection.php:152
Stack trace:
#0 [internal function]: CodeIgniter\Debug\Exceptions->errorHandler(2, 'pg_query(): Que...', 'D:\\xampp\\htdocs...', 152)
#1 D:\xampp\htdocs\ci4\system\Database\Postgre\Connection.php(152): pg_query(Resource id #135, 'SELECT * FROM c...')
#2 D:\xampp\htdocs\ci4\system\Database\BaseConnection.php(692): CodeIgniter\Database\Postgre\Connection->execute('SELECT * FROM c...')
#3 D:\xampp\htdocs\ci4\system\Database\BaseConnection.php(606): CodeIgniter\Database\BaseConnection->simpleQuery('SELECT * FROM c...')
#4 D:\xampp\htdocs\ci4\app\Controllers\Home.php(88): CodeIgniter\Database\BaseConnection->query('SELECT * FROM c...')
#5 D:\xampp\htdocs\ci4\system\CodeIgniter.php(934): App\Controllers\Home->testbd()
#6 D:\xampp\htdocs\ci4\system\CodeIgniter.php(499): CodeIgniter\CodeIgniter->runController(Object(App\Controllers\Home))
#7 D:\xampp\htdocs\ci4\system\CodeIgniter.php(368): CodeIgniter\CodeIgniter->handleRequest(NULL, Object(Config\Cache), false)
#8 D:\xampp\htdocs\ci4\index.php(67): CodeIgniter\CodeIgniter->run()
#9 {main}
CRITICAL - 2023-07-15 03:46:52 --> pg_query(): Query failed: ERROR:  no existe la relación «cliente_local»
LINE 1: SELECT * FROM cliente_local;
                      ^
in SYSTEMPATH\Database\Postgre\Connection.php on line 152.
 1 [internal function]: CodeIgniter\Debug\Exceptions->errorHandler(2, 'pg_query(): Query failed: ERROR:  no existe la relación «cliente_local»
LINE 1: SELECT * FROM cliente_local;
                      ^', 'D:\\xampp\\htdocs\\ci4\\system\\Database\\Postgre\\Connection.php', 152)
 2 SYSTEMPATH\Database\Postgre\Connection.php(152): pg_query(resource (pgsql link), 'SELECT * FROM cliente_local;')
 3 SYSTEMPATH\Database\BaseConnection.php(692): CodeIgniter\Database\Postgre\Connection->execute('SELECT * FROM cliente_local;')
 4 SYSTEMPATH\Database\BaseConnection.php(606): CodeIgniter\Database\BaseConnection->simpleQuery('SELECT * FROM cliente_local;')
 5 APPPATH\Controllers\Home.php(88): CodeIgniter\Database\BaseConnection->query('SELECT * FROM cliente_local;')
 6 SYSTEMPATH\CodeIgniter.php(934): App\Controllers\Home->testbd()
 7 SYSTEMPATH\CodeIgniter.php(499): CodeIgniter\CodeIgniter->runController(Object(App\Controllers\Home))
 8 SYSTEMPATH\CodeIgniter.php(368): CodeIgniter\CodeIgniter->handleRequest(null, Object(Config\Cache), false)
 9 FCPATH\index.php(67): CodeIgniter\CodeIgniter->run()
